E, [2014-12-20T20:10:22.058858 #25170] ERROR -- Kitchen: ------Exception-------
E, [2014-12-20T20:10:22.058943 #25170] ERROR -- Kitchen: Class: Kitchen::UserError
E, [2014-12-20T20:10:22.058967 #25170] ERROR -- Kitchen: Message: Kitchen YAML file /Users/axalan/Work/chef-repo.training/.kitchen.yml does not exist.
E, [2014-12-20T20:10:22.058984 #25170] ERROR -- Kitchen: ------Backtrace-------
E, [2014-12-20T20:10:22.058999 #25170] ERROR -- Kitchen: /opt/chefdk/embedded/lib/ruby/gems/2.1.0/gems/test-kitchen-1.2.2.dev/lib/kitchen/loader/yaml.rb:74:in `read'
E, [2014-12-20T20:10:22.059014 #25170] ERROR -- Kitchen: /opt/chefdk/embedded/lib/ruby/gems/2.1.0/gems/test-kitchen-1.2.2.dev/lib/kitchen/config.rb:78:in `data'
E, [2014-12-20T20:10:22.059028 #25170] ERROR -- Kitchen: /opt/chefdk/embedded/lib/ruby/gems/2.1.0/gems/test-kitchen-1.2.2.dev/lib/kitchen/config.rb:66:in `suites'
E, [2014-12-20T20:10:22.059055 #25170] ERROR -- Kitchen: /opt/chefdk/embedded/lib/ruby/gems/2.1.0/gems/test-kitchen-1.2.2.dev/lib/kitchen/config.rb:90:in `filter_instances'
E, [2014-12-20T20:10:22.059069 #25170] ERROR -- Kitchen: /opt/chefdk/embedded/lib/ruby/gems/2.1.0/gems/test-kitchen-1.2.2.dev/lib/kitchen/config.rb:72:in `build_instances'
E, [2014-12-20T20:10:22.059083 #25170] ERROR -- Kitchen: /opt/chefdk/embedded/lib/ruby/gems/2.1.0/gems/test-kitchen-1.2.2.dev/lib/kitchen/config.rb:52:in `instances'
E, [2014-12-20T20:10:22.059097 #25170] ERROR -- Kitchen: /opt/chefdk/embedded/lib/ruby/gems/2.1.0/gems/test-kitchen-1.2.2.dev/lib/kitchen/command.rb:64:in `get_filtered_instances'
E, [2014-12-20T20:10:22.059111 #25170] ERROR -- Kitchen: /opt/chefdk/embedded/lib/ruby/gems/2.1.0/gems/test-kitchen-1.2.2.dev/lib/kitchen/command.rb:85:in `parse_subcommand'
E, [2014-12-20T20:10:22.059124 #25170] ERROR -- Kitchen: /opt/chefdk/embedded/lib/ruby/gems/2.1.0/gems/test-kitchen-1.2.2.dev/lib/kitchen/command/list.rb:31:in `call'
E, [2014-12-20T20:10:22.059138 #25170] ERROR -- Kitchen: /opt/chefdk/embedded/lib/ruby/gems/2.1.0/gems/test-kitchen-1.2.2.dev/lib/kitchen/cli.rb:47:in `perform'
E, [2014-12-20T20:10:22.059151 #25170] ERROR -- Kitchen: /opt/chefdk/embedded/lib/ruby/gems/2.1.0/gems/test-kitchen-1.2.2.dev/lib/kitchen/cli.rb:81:in `list'
E, [2014-12-20T20:10:22.059165 #25170] ERROR -- Kitchen: /opt/chefdk/embedded/lib/ruby/gems/2.1.0/gems/thor-0.19.1/lib/thor/command.rb:27:in `run'
E, [2014-12-20T20:10:22.059178 #25170] ERROR -- Kitchen: /opt/chefdk/embedded/lib/ruby/gems/2.1.0/gems/thor-0.19.1/lib/thor/invocation.rb:126:in `invoke_command'
E, [2014-12-20T20:10:22.059228 #25170] ERROR -- Kitchen: /opt/chefdk/embedded/lib/ruby/gems/2.1.0/gems/test-kitchen-1.2.2.dev/lib/kitchen/cli.rb:259:in `invoke_task'
E, [2014-12-20T20:10:22.059243 #25170] ERROR -- Kitchen: /opt/chefdk/embedded/lib/ruby/gems/2.1.0/gems/thor-0.19.1/lib/thor.rb:359:in `dispatch'
E, [2014-12-20T20:10:22.059257 #25170] ERROR -- Kitchen: /opt/chefdk/embedded/lib/ruby/gems/2.1.0/gems/thor-0.19.1/lib/thor/base.rb:440:in `start'
E, [2014-12-20T20:10:22.059270 #25170] ERROR -- Kitchen: /opt/chefdk/embedded/lib/ruby/gems/2.1.0/gems/test-kitchen-1.2.2.dev/bin/kitchen:13:in `block in <top (required)>'
E, [2014-12-20T20:10:22.059284 #25170] ERROR -- Kitchen: /opt/chefdk/embedded/lib/ruby/gems/2.1.0/gems/test-kitchen-1.2.2.dev/lib/kitchen/errors.rb:81:in `with_friendly_errors'
E, [2014-12-20T20:10:22.059297 #25170] ERROR -- Kitchen: /opt/chefdk/embedded/lib/ruby/gems/2.1.0/gems/test-kitchen-1.2.2.dev/bin/kitchen:13:in `<top (required)>'
E, [2014-12-20T20:10:22.059310 #25170] ERROR -- Kitchen: /opt/chefdk/embedded/bin/kitchen:23:in `load'
E, [2014-12-20T20:10:22.059323 #25170] ERROR -- Kitchen: /opt/chefdk/embedded/bin/kitchen:23:in `<main>'
E, [2014-12-20T20:10:22.059337 #25170] ERROR -- Kitchen: ----------------------
